<?xml version="1.0" encoding="UTF-8"?>
<!-- Generated by org.testng.reporters.JUnitReportReporter -->
<testsuite skipped="0" hostname="jarvis" name="datadriven.Test_01_DataDrivenTest" tests="4" failures="0" timestamp="23 Nov 2020 06:11:34 GMT" time="16.545" errors="0">
  <testcase name="loginTest" time="1.198" classname="datadriven.Test_01_DataDrivenTest"/>
  <testcase name="loginTest" time="13.143" classname="datadriven.Test_01_DataDrivenTest"/>
  <testcase name="loginTest" time="1.082" classname="datadriven.Test_01_DataDrivenTest"/>
  <testcase name="loginTest" time="1.122" classname="datadriven.Test_01_DataDrivenTest"/>
</testsuite> <!-- datadriven.Test_01_DataDrivenTest -->
