<?xml version="1.0" encoding="UTF-8"?>
<!-- Generated by org.testng.reporters.JUnitReportReporter -->
<testsuite skipped="0" hostname="jarvis" name="datadriven.Test_02_DataDrivenTest" tests="4" failures="0" timestamp="23 Nov 2020 07:15:38 GMT" time="13.073" errors="0">
  <testcase name="loginTest" time="1.136" classname="datadriven.Test_02_DataDrivenTest"/>
  <testcase name="loginTest" time="9.781" classname="datadriven.Test_02_DataDrivenTest"/>
  <testcase name="loginTest" time="1.103" classname="datadriven.Test_02_DataDrivenTest"/>
  <testcase name="loginTest" time="1.053" classname="datadriven.Test_02_DataDrivenTest"/>
</testsuite> <!-- datadriven.Test_02_DataDrivenTest -->
